node:internal/modules/cjs/loader:1413
  throw err;
  ^

Error: Cannot find module './ptr-tap.js'
Require stack:
- internal/preload
    at Module._resolveFilename (node:internal/modules/cjs/loader:1410:15)
    at defaultResolveImpl (node:internal/modules/cjs/loader:1051:19)
    at resolveForCJSWithHooks (node:internal/modules/cjs/loader:1056:22)
    at Module._load (node:internal/modules/cjs/loader:1219:37)
    at TracingChannel.traceSync (node:diagnostics_channel:322:14)
    at wrapModuleLoad (node:internal/modules/cjs/loader:238:24)
    at Module.require (node:internal/modules/cjs/loader:1493:12)
    at node:internal/modules/cjs/loader:2024:12
    at loadPreloadModules (node:internal/process/pre_execution:686:5)
    at setupUserModules (node:internal/process/pre_execution:205:5) {
  code: 'MODULE_NOT_FOUND',
  requireStack: [ 'internal/preload' ]
}

Node.js v24.6.0
